0 info it worked if it ends with ok
1 verbose cli [ 'C:\\Program Files\\nodejs\\\\node.exe',
1 verbose cli   'C:\\Program Files\\nodejs\\node_modules\\npm\\bin\\npm-cli.js',
1 verbose cli   'install',
1 verbose cli   'bower-cli' ]
2 info using npm@1.4.28
3 info using node@v0.10.33
4 verbose node symlink C:\Program Files\nodejs\\node.exe
5 warn package.json askingweb@0.0.0 No repository field.
6 verbose readDependencies using package.json deps
7 verbose cache add [ 'bower-cli', null ]
8 verbose cache add name=undefined spec="bower-cli" args=["bower-cli",null]
9 verbose parsed url { protocol: null,
9 verbose parsed url   slashes: null,
9 verbose parsed url   auth: null,
9 verbose parsed url   host: null,
9 verbose parsed url   port: null,
9 verbose parsed url   hostname: null,
9 verbose parsed url   hash: null,
9 verbose parsed url   search: null,
9 verbose parsed url   query: null,
9 verbose parsed url   pathname: 'bower-cli',
9 verbose parsed url   path: 'bower-cli',
9 verbose parsed url   href: 'bower-cli' }
10 silly lockFile b5fc92bc-bower-cli bower-cli
11 verbose lock bower-cli C:\Users\Martin\AppData\Roaming\npm-cache\b5fc92bc-bower-cli.lock
12 silly lockFile b5fc92bc-bower-cli bower-cli
13 silly lockFile b5fc92bc-bower-cli bower-cli
14 verbose addNamed [ 'bower-cli', '' ]
15 verbose addNamed [ null, '*' ]
16 silly lockFile 8942fdc3-bower-cli bower-cli@
17 verbose lock bower-cli@ C:\Users\Martin\AppData\Roaming\npm-cache\8942fdc3-bower-cli.lock
18 silly addNameRange { name: 'bower-cli', range: '*', hasData: false }
19 verbose request where is /bower-cli
20 verbose request registry https://registry.npmjs.org/
21 verbose request id 49bb8bfe973a0421
22 verbose url raw /bower-cli
23 verbose url resolving [ 'https://registry.npmjs.org/', './bower-cli' ]
24 verbose url resolved https://registry.npmjs.org/bower-cli
25 verbose request where is https://registry.npmjs.org/bower-cli
26 info trying registry request attempt 1 at 17:04:47
27 http GET https://registry.npmjs.org/bower-cli
28 http 404 https://registry.npmjs.org/bower-cli
29 verbose headers { date: 'Wed, 12 Nov 2014 16:04:48 GMT',
29 verbose headers   server: 'CouchDB/1.5.0 (Erlang OTP/R16B03)',
29 verbose headers   'content-type': 'application/json',
29 verbose headers   'cache-control': 'max-age=0',
29 verbose headers   'content-length': '52',
29 verbose headers   'accept-ranges': 'bytes',
29 verbose headers   via: '1.1 varnish',
29 verbose headers   age: '0',
29 verbose headers   'x-served-by': 'cache-lcy1133-LCY',
29 verbose headers   'x-cache': 'MISS',
29 verbose headers   'x-cache-hits': '0',
29 verbose headers   'x-timer': 'S1415808288.351021,VS0,VE97',
29 verbose headers   'keep-alive': 'timeout=10, max=50',
29 verbose headers   connection: 'Keep-Alive' }
30 silly registry.get cb [ 404,
30 silly registry.get   { date: 'Wed, 12 Nov 2014 16:04:48 GMT',
30 silly registry.get     server: 'CouchDB/1.5.0 (Erlang OTP/R16B03)',
30 silly registry.get     'content-type': 'application/json',
30 silly registry.get     'cache-control': 'max-age=0',
30 silly registry.get     'content-length': '52',
30 silly registry.get     'accept-ranges': 'bytes',
30 silly registry.get     via: '1.1 varnish',
30 silly registry.get     age: '0',
30 silly registry.get     'x-served-by': 'cache-lcy1133-LCY',
30 silly registry.get     'x-cache': 'MISS',
30 silly registry.get     'x-cache-hits': '0',
30 silly registry.get     'x-timer': 'S1415808288.351021,VS0,VE97',
30 silly registry.get     'keep-alive': 'timeout=10, max=50',
30 silly registry.get     connection: 'Keep-Alive' } ]
31 silly lockFile 8942fdc3-bower-cli bower-cli@
32 silly lockFile 8942fdc3-bower-cli bower-cli@
33 error 404 404 Not Found: bower-cli
33 error 404
33 error 404 'bower-cli' is not in the npm registry.
33 error 404 You should bug the author to publish it
33 error 404 It was specified as a dependency of 'askingweb'
33 error 404
33 error 404 Note that you can also install from a
33 error 404 tarball, folder, or http url, or git url.
34 error System Windows_NT 6.2.9200
35 error command "C:\\Program Files\\nodejs\\\\node.exe" "C:\\Program Files\\nodejs\\node_modules\\npm\\bin\\npm-cli.js" "install" "bower-cli"
36 error cwd D:\src\ING\asking-web
37 error node -v v0.10.33
38 error npm -v 1.4.28
39 error code E404
40 verbose exit [ 1, true ]
